<?xml version="1.0" encoding="UTF-8"?>
<!-- Generated by org.testng.reporters.JUnitReportReporter -->
<testsuite hostname="INHYLP0031" failures="0" tests="1" name="Test.test_runner" time="0.103" errors="0" timestamp="2023-07-28T16:44:51 IST" skipped="0">
  <testcase classname="Test.test_runner" name="runScenario" time="0.103"/>
  <system-out/>
</testsuite> <!-- Test.test_runner -->
