<?xml version="1.0" encoding="UTF-8"?>
<!-- Generated by org.testng.reporters.JUnitReportReporter -->
<testsuite hostname="INHYLP0031" failures="0" tests="1" name="Test.test_runner" time="11.532" errors="0" timestamp="2023-07-31T17:38:06 IST" skipped="0">
  <testcase classname="Test.test_runner" name="runScenario" time="11.532"/>
  <system-out/>
</testsuite> <!-- Test.test_runner -->
