<?xml version="1.0" encoding="UTF-8"?>
<!-- Generated by org.testng.reporters.JUnitReportReporter -->
<testsuite hostname="INHYLP0031" failures="0" tests="2" name="Run.test_runner" time="49.192" errors="0" timestamp="2023-08-02T15:08:19 IST" skipped="0">
  <testcase classname="Run.test_runner" name="runScenario" time="6.677"/>
  <system-out/>
  <testcase classname="Run.test_runner" name="runScenario" time="42.515"/>
  <system-out/>
</testsuite> <!-- Run.test_runner -->
